21-Mar-24 21:58:52 - logger.py:24 >> INFO << Initialized Logger
21-Mar-24 21:58:52 - __main__.py:19 >> INFO << Successfully started!
21-Mar-24 21:58:53 - _client.py:1773 >> INFO << HTTP Request: POST https://api.telegram.org/bot1601619815:AAHHCDk-6nRr0ef5ApBd1oiGVXPrWdZycQY/getMe "HTTP/1.1 200 OK"
21-Mar-24 21:58:53 - _client.py:1773 >> INFO << HTTP Request: POST https://api.telegram.org/bot1601619815:AAHHCDk-6nRr0ef5ApBd1oiGVXPrWdZycQY/deleteWebhook "HTTP/1.1 200 OK"
21-Mar-24 21:58:53 - _application.py:638 >> INFO << Application started
21-Mar-24 21:59:04 - _client.py:1773 >> INFO << HTTP Request: POST https://api.telegram.org/bot1601619815:AAHHCDk-6nRr0ef5ApBd1oiGVXPrWdZycQY/getUpdates "HTTP/1.1 200 OK"
21-Mar-24 21:59:14 - _client.py:1773 >> INFO << HTTP Request: POST https://api.telegram.org/bot1601619815:AAHHCDk-6nRr0ef5ApBd1oiGVXPrWdZycQY/getUpdates "HTTP/1.1 200 OK"
21-Mar-24 21:59:14 - _client.py:1773 >> INFO << HTTP Request: POST https://api.telegram.org/bot1601619815:AAHHCDk-6nRr0ef5ApBd1oiGVXPrWdZycQY/getUpdates "HTTP/1.1 200 OK"
21-Mar-24 21:59:15 - _client.py:1773 >> INFO << HTTP Request: POST https://api.telegram.org/bot1601619815:AAHHCDk-6nRr0ef5ApBd1oiGVXPrWdZycQY/sendMessage "HTTP/1.1 200 OK"
21-Mar-24 21:59:24 - _client.py:1773 >> INFO << HTTP Request: POST https://api.telegram.org/bot1601619815:AAHHCDk-6nRr0ef5ApBd1oiGVXPrWdZycQY/getUpdates "HTTP/1.1 200 OK"
21-Mar-24 21:59:28 - _client.py:1773 >> INFO << HTTP Request: POST https://api.telegram.org/bot1601619815:AAHHCDk-6nRr0ef5ApBd1oiGVXPrWdZycQY/getUpdates "HTTP/1.1 200 OK"
21-Mar-24 21:59:28 - _client.py:1773 >> INFO << HTTP Request: POST https://api.telegram.org/bot1601619815:AAHHCDk-6nRr0ef5ApBd1oiGVXPrWdZycQY/sendMessage "HTTP/1.1 200 OK"
21-Mar-24 21:59:29 - _client.py:1773 >> INFO << HTTP Request: POST https://api.telegram.org/bot1601619815:AAHHCDk-6nRr0ef5ApBd1oiGVXPrWdZycQY/getUpdates "HTTP/1.1 200 OK"
21-Mar-24 21:59:33 - _client.py:1773 >> INFO << HTTP Request: POST https://api.telegram.org/bot1601619815:AAHHCDk-6nRr0ef5ApBd1oiGVXPrWdZycQY/getUpdates "HTTP/1.1 200 OK"
21-Mar-24 21:59:33 - _client.py:1773 >> INFO << HTTP Request: POST https://api.telegram.org/bot1601619815:AAHHCDk-6nRr0ef5ApBd1oiGVXPrWdZycQY/sendMessage "HTTP/1.1 200 OK"
21-Mar-24 21:59:35 - _client.py:1773 >> INFO << HTTP Request: POST https://api.telegram.org/bot1601619815:AAHHCDk-6nRr0ef5ApBd1oiGVXPrWdZycQY/getUpdates "HTTP/1.1 200 OK"
21-Mar-24 21:59:35 - _client.py:1773 >> INFO << HTTP Request: POST https://api.telegram.org/bot1601619815:AAHHCDk-6nRr0ef5ApBd1oiGVXPrWdZycQY/sendMessage "HTTP/1.1 200 OK"
21-Mar-24 21:59:44 - _client.py:1773 >> INFO << HTTP Request: POST https://api.telegram.org/bot1601619815:AAHHCDk-6nRr0ef5ApBd1oiGVXPrWdZycQY/getUpdates "HTTP/1.1 200 OK"
21-Mar-24 21:59:55 - _client.py:1773 >> INFO << HTTP Request: POST https://api.telegram.org/bot1601619815:AAHHCDk-6nRr0ef5ApBd1oiGVXPrWdZycQY/getUpdates "HTTP/1.1 200 OK"
21-Mar-24 22:00:00 - _client.py:1773 >> INFO << HTTP Request: POST https://api.telegram.org/bot1601619815:AAHHCDk-6nRr0ef5ApBd1oiGVXPrWdZycQY/getUpdates "HTTP/1.1 200 OK"
21-Mar-24 22:00:10 - _client.py:1773 >> INFO << HTTP Request: POST https://api.telegram.org/bot1601619815:AAHHCDk-6nRr0ef5ApBd1oiGVXPrWdZycQY/getUpdates "HTTP/1.1 200 OK"
21-Mar-24 22:00:20 - _client.py:1773 >> INFO << HTTP Request: POST https://api.telegram.org/bot1601619815:AAHHCDk-6nRr0ef5ApBd1oiGVXPrWdZycQY/getUpdates "HTTP/1.1 200 OK"
21-Mar-24 22:00:30 - _client.py:1773 >> INFO << HTTP Request: POST https://api.telegram.org/bot1601619815:AAHHCDk-6nRr0ef5ApBd1oiGVXPrWdZycQY/getUpdates "HTTP/1.1 200 OK"
21-Mar-24 22:00:40 - _client.py:1773 >> INFO << HTTP Request: POST https://api.telegram.org/bot1601619815:AAHHCDk-6nRr0ef5ApBd1oiGVXPrWdZycQY/getUpdates "HTTP/1.1 200 OK"
21-Mar-24 22:00:51 - _client.py:1773 >> INFO << HTTP Request: POST https://api.telegram.org/bot1601619815:AAHHCDk-6nRr0ef5ApBd1oiGVXPrWdZycQY/getUpdates "HTTP/1.1 200 OK"
21-Mar-24 22:01:01 - _client.py:1773 >> INFO << HTTP Request: POST https://api.telegram.org/bot1601619815:AAHHCDk-6nRr0ef5ApBd1oiGVXPrWdZycQY/getUpdates "HTTP/1.1 200 OK"
21-Mar-24 22:01:11 - _client.py:1773 >> INFO << HTTP Request: POST https://api.telegram.org/bot1601619815:AAHHCDk-6nRr0ef5ApBd1oiGVXPrWdZycQY/getUpdates "HTTP/1.1 200 OK"
21-Mar-24 22:01:21 - _client.py:1773 >> INFO << HTTP Request: POST https://api.telegram.org/bot1601619815:AAHHCDk-6nRr0ef5ApBd1oiGVXPrWdZycQY/getUpdates "HTTP/1.1 200 OK"
21-Mar-24 22:01:31 - _client.py:1773 >> INFO << HTTP Request: POST https://api.telegram.org/bot1601619815:AAHHCDk-6nRr0ef5ApBd1oiGVXPrWdZycQY/getUpdates "HTTP/1.1 200 OK"
21-Mar-24 22:01:42 - _client.py:1773 >> INFO << HTTP Request: POST https://api.telegram.org/bot1601619815:AAHHCDk-6nRr0ef5ApBd1oiGVXPrWdZycQY/getUpdates "HTTP/1.1 200 OK"
21-Mar-24 22:01:50 - _client.py:1773 >> INFO << HTTP Request: POST https://api.telegram.org/bot1601619815:AAHHCDk-6nRr0ef5ApBd1oiGVXPrWdZycQY/getUpdates "HTTP/1.1 200 OK"
21-Mar-24 22:02:00 - _client.py:1773 >> INFO << HTTP Request: POST https://api.telegram.org/bot1601619815:AAHHCDk-6nRr0ef5ApBd1oiGVXPrWdZycQY/getUpdates "HTTP/1.1 200 OK"
21-Mar-24 22:02:10 - _client.py:1773 >> INFO << HTTP Request: POST https://api.telegram.org/bot1601619815:AAHHCDk-6nRr0ef5ApBd1oiGVXPrWdZycQY/getUpdates "HTTP/1.1 200 OK"
21-Mar-24 22:02:20 - _client.py:1773 >> INFO << HTTP Request: POST https://api.telegram.org/bot1601619815:AAHHCDk-6nRr0ef5ApBd1oiGVXPrWdZycQY/getUpdates "HTTP/1.1 200 OK"
21-Mar-24 22:02:30 - _client.py:1773 >> INFO << HTTP Request: POST https://api.telegram.org/bot1601619815:AAHHCDk-6nRr0ef5ApBd1oiGVXPrWdZycQY/getUpdates "HTTP/1.1 200 OK"
21-Mar-24 22:02:40 - _client.py:1773 >> INFO << HTTP Request: POST https://api.telegram.org/bot1601619815:AAHHCDk-6nRr0ef5ApBd1oiGVXPrWdZycQY/getUpdates "HTTP/1.1 200 OK"
21-Mar-24 22:02:51 - _client.py:1773 >> INFO << HTTP Request: POST https://api.telegram.org/bot1601619815:AAHHCDk-6nRr0ef5ApBd1oiGVXPrWdZycQY/getUpdates "HTTP/1.1 200 OK"
21-Mar-24 22:03:01 - _client.py:1773 >> INFO << HTTP Request: POST https://api.telegram.org/bot1601619815:AAHHCDk-6nRr0ef5ApBd1oiGVXPrWdZycQY/getUpdates "HTTP/1.1 200 OK"
21-Mar-24 22:03:11 - _client.py:1773 >> INFO << HTTP Request: POST https://api.telegram.org/bot1601619815:AAHHCDk-6nRr0ef5ApBd1oiGVXPrWdZycQY/getUpdates "HTTP/1.1 200 OK"
21-Mar-24 22:03:21 - _client.py:1773 >> INFO << HTTP Request: POST https://api.telegram.org/bot1601619815:AAHHCDk-6nRr0ef5ApBd1oiGVXPrWdZycQY/getUpdates "HTTP/1.1 200 OK"
21-Mar-24 22:03:31 - _client.py:1773 >> INFO << HTTP Request: POST https://api.telegram.org/bot1601619815:AAHHCDk-6nRr0ef5ApBd1oiGVXPrWdZycQY/getUpdates "HTTP/1.1 200 OK"
21-Mar-24 22:03:41 - _client.py:1773 >> INFO << HTTP Request: POST https://api.telegram.org/bot1601619815:AAHHCDk-6nRr0ef5ApBd1oiGVXPrWdZycQY/getUpdates "HTTP/1.1 200 OK"
21-Mar-24 22:03:55 - logger.py:25 >> INFO << Initialized Logger
21-Mar-24 22:03:56 - __main__.py:19 >> INFO << Successfully started!
21-Mar-24 22:03:57 - _application.py:638 >> INFO << Application started
21-Mar-24 22:41:29 - __main__.py:28 >> INFO << Initialized Logger
21-Mar-24 22:41:30 - __main__.py:43 >> INFO << Successfully started!
21-Mar-24 22:41:31 - _application.py:638 >> INFO << Application started
21-Mar-24 22:46:55 - __main__.py:28 >> INFO << Initialized Logger
21-Mar-24 22:46:56 - __main__.py:43 >> INFO << Successfully started!
21-Mar-24 22:46:57 - _application.py:638 >> INFO << Application started
21-Mar-24 22:49:08 - __main__.py:28 >> INFO << Initialized Logger
21-Mar-24 22:49:09 - __main__.py:43 >> INFO << Successfully started!
21-Mar-24 22:49:10 - _application.py:638 >> INFO << Application started
[22-Mar-24 11:13:26] - [Ayaka] << INFO >> root - Initialized Logger!
[22-Mar-24 11:13:27] - [Ayaka] << INFO >> root - Successfully started!
[22-Mar-24 11:13:28] - [Ayaka] << INFO >> apscheduler.scheduler - Scheduler started
[22-Mar-24 11:13:28] - [Ayaka] << INFO >> telegram.ext.Application - Application started
[22-Mar-24 11:33:20] - [Ayaka] << INFO >> root - Initialized Logger!
[22-Mar-24 11:33:20] - [Ayaka] << INFO >> root - Successfully started!
[22-Mar-24 11:33:21] - [Ayaka] << INFO >> apscheduler.scheduler - Scheduler started
[22-Mar-24 11:33:21] - [Ayaka] << INFO >> telegram.ext.Application - Application started
[22-Mar-24 11:40:49] - [Ayaka] << INFO >> root - Initialized Logger!
[22-Mar-24 11:40:50] - [Ayaka] << INFO >> root - Successfully started!
[22-Mar-24 11:40:50] - [Ayaka] << INFO >> apscheduler.scheduler - Scheduler started
[22-Mar-24 11:40:50] - [Ayaka] << INFO >> telegram.ext.Application - Application started
